Mon Mar 10 2025 16:1:12 [Podlove] [32minfo[39m: OPTIONS /auth/register 204 - 0ms
Mon Mar 10 2025 16:1:12 [Podlove] [32minfo[39m: 697689
Mon Mar 10 2025 16:1:12 [Podlove] [31merror[39m: User validation failed: mobileNumber: Path `mobileNumber` is required.
ValidationError: User validation failed: mobileNumber: Path `mobileNumber` is required.
    at model.Document.invalidate (/home/mir/dev/projects/social_backend/node_modules/.pnpm/mongoose@8.9.6/node_modules/mongoose/lib/document.js:3334:32)
    at /home/mir/dev/projects/social_backend/node_modules/.pnpm/mongoose@8.9.6/node_modules/mongoose/lib/document.js:3095:17
    at /home/mir/dev/projects/social_backend/node_modules/.pnpm/mongoose@8.9.6/node_modules/mongoose/lib/schemaType.js:1407:9
    at processTicksAndRejections (node:internal/process/task_queues:85:11)
ValidationError
Mon Mar 10 2025 16:1:12 [Podlove] [32minfo[39m: POST /auth/register 400 - 419ms
Mon Mar 10 2025 16:1:23 [Podlove] [32minfo[39m: OPTIONS /auth/register 204 - 1ms
Mon Mar 10 2025 16:1:24 [Podlove] [32minfo[39m: 834155
Mon Mar 10 2025 16:1:24 [Podlove] [31merror[39m: User validation failed: mobileNumber: Path `mobileNumber` is required.
ValidationError: User validation failed: mobileNumber: Path `mobileNumber` is required.
    at model.Document.invalidate (/home/mir/dev/projects/social_backend/node_modules/.pnpm/mongoose@8.9.6/node_modules/mongoose/lib/document.js:3334:32)
    at /home/mir/dev/projects/social_backend/node_modules/.pnpm/mongoose@8.9.6/node_modules/mongoose/lib/document.js:3095:17
    at /home/mir/dev/projects/social_backend/node_modules/.pnpm/mongoose@8.9.6/node_modules/mongoose/lib/schemaType.js:1407:9
    at processTicksAndRejections (node:internal/process/task_queues:85:11)
ValidationError
Mon Mar 10 2025 16:1:24 [Podlove] [32minfo[39m: POST /auth/register 400 - 435ms
Mon Mar 10 2025 16:3:24 [Podlove] [32minfo[39m: OPTIONS /auth/register 204 - 0ms
Mon Mar 10 2025 16:3:24 [Podlove] [32minfo[39m: 675978
Mon Mar 10 2025 16:3:24 [Podlove] [31merror[39m: User validation failed: mobileNumber: Path `mobileNumber` is required.
ValidationError: User validation failed: mobileNumber: Path `mobileNumber` is required.
    at model.Document.invalidate (/home/mir/dev/projects/social_backend/node_modules/.pnpm/mongoose@8.9.6/node_modules/mongoose/lib/document.js:3334:32)
    at /home/mir/dev/projects/social_backend/node_modules/.pnpm/mongoose@8.9.6/node_modules/mongoose/lib/document.js:3095:17
    at /home/mir/dev/projects/social_backend/node_modules/.pnpm/mongoose@8.9.6/node_modules/mongoose/lib/schemaType.js:1407:9
    at processTicksAndRejections (node:internal/process/task_queues:85:11)
ValidationError
Mon Mar 10 2025 16:3:24 [Podlove] [32minfo[39m: POST /auth/register 400 - 434ms
Mon Mar 10 2025 16:3:27 [Podlove] [32minfo[39m: 269783
Mon Mar 10 2025 16:3:28 [Podlove] [31merror[39m: User validation failed: mobileNumber: Path `mobileNumber` is required.
ValidationError: User validation failed: mobileNumber: Path `mobileNumber` is required.
    at model.Document.invalidate (/home/mir/dev/projects/social_backend/node_modules/.pnpm/mongoose@8.9.6/node_modules/mongoose/lib/document.js:3334:32)
    at /home/mir/dev/projects/social_backend/node_modules/.pnpm/mongoose@8.9.6/node_modules/mongoose/lib/document.js:3095:17
    at /home/mir/dev/projects/social_backend/node_modules/.pnpm/mongoose@8.9.6/node_modules/mongoose/lib/schemaType.js:1407:9
    at processTicksAndRejections (node:internal/process/task_queues:85:11)
ValidationError
Mon Mar 10 2025 16:3:28 [Podlove] [32minfo[39m: POST /auth/register 400 - 408ms
Mon Mar 10 2025 16:3:49 [Podlove] [32minfo[39m: POST /auth/register 409 - 122ms
Mon Mar 10 2025 16:3:56 [Podlove] [32minfo[39m: 552514
Mon Mar 10 2025 16:3:57 [Podlove] [31merror[39m: User validation failed: mobileNumber: Path `mobileNumber` is required.
ValidationError: User validation failed: mobileNumber: Path `mobileNumber` is required.
    at model.Document.invalidate (/home/mir/dev/projects/social_backend/node_modules/.pnpm/mongoose@8.9.6/node_modules/mongoose/lib/document.js:3334:32)
    at /home/mir/dev/projects/social_backend/node_modules/.pnpm/mongoose@8.9.6/node_modules/mongoose/lib/document.js:3095:17
    at /home/mir/dev/projects/social_backend/node_modules/.pnpm/mongoose@8.9.6/node_modules/mongoose/lib/schemaType.js:1407:9
    at processTicksAndRejections (node:internal/process/task_queues:85:11)
ValidationError
Mon Mar 10 2025 16:3:57 [Podlove] [32minfo[39m: POST /auth/register 400 - 423ms
Mon Mar 10 2025 16:4:5 [Podlove] [32minfo[39m: 518595
Mon Mar 10 2025 16:4:5 [Podlove] [31merror[39m: User validation failed: mobileNumber: Path `mobileNumber` is required.
ValidationError: User validation failed: mobileNumber: Path `mobileNumber` is required.
    at model.Document.invalidate (/home/mir/dev/projects/social_backend/node_modules/.pnpm/mongoose@8.9.6/node_modules/mongoose/lib/document.js:3334:32)
    at /home/mir/dev/projects/social_backend/node_modules/.pnpm/mongoose@8.9.6/node_modules/mongoose/lib/document.js:3095:17
    at /home/mir/dev/projects/social_backend/node_modules/.pnpm/mongoose@8.9.6/node_modules/mongoose/lib/schemaType.js:1407:9
    at processTicksAndRejections (node:internal/process/task_queues:85:11)
ValidationError
Mon Mar 10 2025 16:4:5 [Podlove] [32minfo[39m: POST /auth/register 400 - 418ms
Mon Mar 10 2025 16:4:9 [Podlove] [32minfo[39m: 885499
Mon Mar 10 2025 16:4:9 [Podlove] [31merror[39m: User validation failed: mobileNumber: Path `mobileNumber` is required.
ValidationError: User validation failed: mobileNumber: Path `mobileNumber` is required.
    at model.Document.invalidate (/home/mir/dev/projects/social_backend/node_modules/.pnpm/mongoose@8.9.6/node_modules/mongoose/lib/document.js:3334:32)
    at /home/mir/dev/projects/social_backend/node_modules/.pnpm/mongoose@8.9.6/node_modules/mongoose/lib/document.js:3095:17
    at /home/mir/dev/projects/social_backend/node_modules/.pnpm/mongoose@8.9.6/node_modules/mongoose/lib/schemaType.js:1407:9
    at processTicksAndRejections (node:internal/process/task_queues:85:11)
ValidationError
Mon Mar 10 2025 16:4:9 [Podlove] [32minfo[39m: POST /auth/register 400 - 408ms
Mon Mar 10 2025 16:5:28 [Podlove] [32minfo[39m: POST /auth/register 409 - 120ms
Mon Mar 10 2025 16:6:44 [Podlove] [32minfo[39m: 332054
Mon Mar 10 2025 16:6:47 [Podlove] [32minfo[39m: Email sent: 250 2.0.0 OK  1741601208 d9443c01a7336-224109e9cfesm73821315ad.87 - gsmtp
Mon Mar 10 2025 16:6:47 [Podlove] [32minfo[39m: POST /auth/register 201 - 3123ms
Mon Mar 10 2025 16:7:26 [Podlove] [32minfo[39m: OPTIONS /auth/register 204 - 0ms
Mon Mar 10 2025 16:7:27 [Podlove] [32minfo[39m: 933795
Mon Mar 10 2025 16:7:27 [Podlove] [31merror[39m: User validation failed: mobileNumber: Path `mobileNumber` is required.
ValidationError: User validation failed: mobileNumber: Path `mobileNumber` is required.
    at model.Document.invalidate (/home/mir/dev/projects/social_backend/node_modules/.pnpm/mongoose@8.9.6/node_modules/mongoose/lib/document.js:3334:32)
    at /home/mir/dev/projects/social_backend/node_modules/.pnpm/mongoose@8.9.6/node_modules/mongoose/lib/document.js:3095:17
    at /home/mir/dev/projects/social_backend/node_modules/.pnpm/mongoose@8.9.6/node_modules/mongoose/lib/schemaType.js:1407:9
    at processTicksAndRejections (node:internal/process/task_queues:85:11)
ValidationError
Mon Mar 10 2025 16:7:27 [Podlove] [32minfo[39m: POST /auth/register 400 - 410ms
Mon Mar 10 2025 16:7:32 [Podlove] [32minfo[39m: OPTIONS /auth/register 204 - 1ms
Mon Mar 10 2025 16:7:32 [Podlove] [32minfo[39m: 148165
Mon Mar 10 2025 16:7:32 [Podlove] [31merror[39m: User validation failed: mobileNumber: Path `mobileNumber` is required.
ValidationError: User validation failed: mobileNumber: Path `mobileNumber` is required.
    at model.Document.invalidate (/home/mir/dev/projects/social_backend/node_modules/.pnpm/mongoose@8.9.6/node_modules/mongoose/lib/document.js:3334:32)
    at /home/mir/dev/projects/social_backend/node_modules/.pnpm/mongoose@8.9.6/node_modules/mongoose/lib/document.js:3095:17
    at /home/mir/dev/projects/social_backend/node_modules/.pnpm/mongoose@8.9.6/node_modules/mongoose/lib/schemaType.js:1407:9
    at processTicksAndRejections (node:internal/process/task_queues:85:11)
ValidationError
Mon Mar 10 2025 16:7:32 [Podlove] [32minfo[39m: POST /auth/register 400 - 402ms
Mon Mar 10 2025 16:7:33 [Podlove] [32minfo[39m: 388867
Mon Mar 10 2025 16:7:33 [Podlove] [31merror[39m: User validation failed: mobileNumber: Path `mobileNumber` is required.
ValidationError: User validation failed: mobileNumber: Path `mobileNumber` is required.
    at model.Document.invalidate (/home/mir/dev/projects/social_backend/node_modules/.pnpm/mongoose@8.9.6/node_modules/mongoose/lib/document.js:3334:32)
    at /home/mir/dev/projects/social_backend/node_modules/.pnpm/mongoose@8.9.6/node_modules/mongoose/lib/document.js:3095:17
    at /home/mir/dev/projects/social_backend/node_modules/.pnpm/mongoose@8.9.6/node_modules/mongoose/lib/schemaType.js:1407:9
    at processTicksAndRejections (node:internal/process/task_queues:85:11)
ValidationError
Mon Mar 10 2025 16:7:33 [Podlove] [32minfo[39m: POST /auth/register 400 - 401ms
Mon Mar 10 2025 16:8:17 [Podlove] [32minfo[39m: OPTIONS /auth/register 204 - 1ms
Mon Mar 10 2025 16:8:17 [Podlove] [32minfo[39m: 476384
Mon Mar 10 2025 16:8:20 [Podlove] [32minfo[39m: Email sent: 250 2.0.0 OK  1741601300 d2e1a72fcca58-736a1f813d1sm7163225b3a.129 - gsmtp
Mon Mar 10 2025 16:8:20 [Podlove] [32minfo[39m: POST /auth/register 201 - 2986ms
