Thu Mar 13 2025 5:33:18 [Podlove] [32minfo[39m: Successfully Connected to MongoDB Atlas with DB: social
Thu Mar 13 2025 5:34:9 [Podlove] [32minfo[39m: admin created successfully
Thu Mar 13 2025 5:34:10 [Podlove] [32minfo[39m: Privacy Policy added successfully!
Thu Mar 13 2025 5:34:10 [Podlove] [32minfo[39m: Terms and conditions added Successfully!
Thu Mar 13 2025 5:34:10 [Podlove] [32minfo[39m: Contact us added successfully!
Thu Mar 13 2025 5:34:10 [Podlove] [32minfo[39m: Version Information added successfully!
Thu Mar 13 2025 5:34:10 [Podlove] [32minfo[39m: Server is running at PORT: 7002
Thu Mar 13 2025 5:34:20 [Podlove] [32minfo[39m: Shutting down server...
Thu Mar 13 2025 5:35:19 [Podlove] [32minfo[39m: Successfully Connected to MongoDB Atlas with DB: social
Thu Mar 13 2025 5:35:19 [Podlove] [32minfo[39m: admin account exists
Thu Mar 13 2025 5:35:20 [Podlove] [32minfo[39m: Privacy Policy exists!
Thu Mar 13 2025 5:35:20 [Podlove] [32minfo[39m: Terms and conditions exists!
Thu Mar 13 2025 5:35:20 [Podlove] [32minfo[39m: Contact us exists!
Thu Mar 13 2025 5:35:20 [Podlove] [32minfo[39m: Version Information exists!
Thu Mar 13 2025 5:35:20 [Podlove] [32minfo[39m: Server is running at PORT: 7002
Thu Mar 13 2025 5:35:22 [Podlove] [32minfo[39m: Shutting down server...
Thu Mar 13 2025 5:59:5 [Podlove] [32minfo[39m: Successfully Connected to MongoDB Atlas with DB: social
Thu Mar 13 2025 5:59:17 [Podlove] [32minfo[39m: admin created successfully
Thu Mar 13 2025 5:59:17 [Podlove] [32minfo[39m: Privacy Policy added successfully!
Thu Mar 13 2025 5:59:18 [Podlove] [32minfo[39m: Terms and conditions added Successfully!
Thu Mar 13 2025 5:59:18 [Podlove] [32minfo[39m: Contact us added successfully!
Thu Mar 13 2025 5:59:19 [Podlove] [32minfo[39m: Version Information added successfully!
Thu Mar 13 2025 5:59:19 [Podlove] [32minfo[39m: Server is running at PORT: 7002
Thu Mar 13 2025 5:59:24 [Podlove] [32minfo[39m: Shutting down server...
